SF:lib\helpers\form_validation_helper.dart
DA:15,1
DA:16,1
DA:19,2
DA:28,1
DA:29,1
DA:32,2
DA:41,1
DA:42,1
DA:46,1
DA:47,1
DA:56,1
DA:57,1
DA:60,2
DA:69,1
DA:70,1
DA:73,2
DA:82,1
DA:89,1
DA:90,1
DA:91,1
DA:92,1
DA:93,1
LF:22
LH:22
end_of_record
SF:lib\helpers\price_formatter.dart
DA:21,2
DA:22,4
DA:28,1
DA:29,1
DA:30,3
DA:32,1
DA:38,1
DA:39,1
DA:40,1
DA:42,3
DA:48,1
DA:49,1
DA:55,0
DA:56,0
LF:14
LH:12
end_of_record
SF:lib\helpers\cart_calculation_helper.dart
DA:19,3
DA:20,9
DA:24,6
DA:26,9
DA:33,3
DA:34,9
DA:38,6
DA:40,3
DA:41,5
DA:42,9
DA:50,3
DA:51,5
DA:52,6
DA:58,3
DA:59,9
DA:65,3
DA:66,3
DA:67,3
DA:68,3
DA:69,3
DA:70,6
DA:84,4
DA:92,8
DA:95,15
LF:24
LH:24
end_of_record
SF:lib\helpers\product_classifier.dart
DA:22,1
DA:24,3
DA:25,1
DA:31,1
DA:33,3
DA:34,1
DA:40,2
DA:41,2
DA:42,2
DA:44,4
DA:45,2
DA:46,2
DA:48,2
DA:49,2
DA:53,2
DA:62,2
DA:63,4
DA:64,2
DA:70,2
DA:71,4
DA:77,1
DA:78,1
DA:80,1
DA:81,1
DA:82,2
DA:83,2
DA:84,1
DA:85,6
DA:86,6
DA:93,1
DA:95,4
DA:96,1
DA:102,1
DA:104,4
DA:105,1
DA:116,2
DA:122,6
DA:125,6
DA:128,1
DA:130,2
DA:131,2
DA:133,2
DA:134,2
DA:136,1
DA:151,2
DA:161,1
DA:162,5
DA:163,3
DA:164,1
LF:49
LH:49
end_of_record
SF:lib\helpers\product_filter_helper.dart
DA:19,2
DA:24,2
DA:28,8
DA:29,2
DA:35,2
DA:39,2
DA:40,1
DA:43,4
DA:45,4
DA:46,6
DA:47,6
DA:49,2
DA:55,1
DA:60,1
DA:62,1
DA:63,1
DA:72,1
DA:78,1
DA:79,2
DA:82,1
DA:83,1
DA:87,2
DA:90,1
LF:23
LH:23
end_of_record
SF:lib\extensions\category_extensions.dart
DA:18,4
DA:20,4
DA:22,3
DA:24,3
DA:26,2
DA:34,0
DA:36,0
DA:38,0
DA:40,0
DA:42,0
DA:50,0
DA:52,0
DA:54,0
DA:56,0
DA:58,0
LF:15
LH:5
end_of_record
SF:lib\helpers\support_form_validation_helper.dart
DA:16,2
DA:17,4
DA:20,6
DA:29,2
DA:30,4
DA:34,2
DA:35,4
DA:44,2
DA:45,4
DA:48,6
DA:57,2
DA:62,2
DA:63,2
DA:64,2
DA:65,2
DA:72,1
DA:77,1
DA:78,1
DA:79,1
DA:91,3
DA:98,8
DA:101,2
LF:22
LH:22
end_of_record
SF:lib\helpers\user_creation_helper.dart
DA:23,1
DA:30,1
DA:32,1
DA:33,1
DA:34,1
DA:35,1
DA:48,1
DA:55,1
DA:57,1
DA:58,1
DA:59,1
DA:60,1
DA:61,1
DA:62,1
DA:72,1
DA:73,1
DA:79,1
DA:86,2
DA:87,2
DA:88,2
DA:89,2
DA:90,2
LF:22
LH:22
end_of_record
SF:lib\helpers\user_message_helper.dart
DA:15,1
DA:20,1
DA:25,1
DA:30,1
DA:31,1
DA:34,1
DA:35,1
DA:36,1
DA:37,1
DA:40,1
DA:41,4
DA:42,4
DA:43,4
DA:45,1
DA:49,1
DA:54,1
DA:55,1
DA:59,1
LF:18
LH:18
end_of_record
SF:lib\pages\product_detail_page.dart
DA:43,4
DA:51,4
DA:52,4
DA:61,12
DA:63,4
DA:65,4
DA:68,8
DA:69,0
DA:70,0
DA:71,0
DA:72,0
DA:73,0
DA:74,0
DA:75,0
DA:76,0
DA:77,0
DA:79,0
DA:80,0
DA:87,24
DA:90,4
DA:94,12
DA:95,4
DA:98,4
DA:100,4
DA:101,4
DA:107,4
DA:108,4
DA:109,2
DA:115,4
DA:116,4
DA:117,0
DA:123,4
DA:124,4
DA:125,4
DA:128,0
DA:129,0
DA:132,0
DA:133,0
DA:137,0
DA:141,4
DA:148,0
DA:149,0
DA:153,0
DA:155,0
DA:157,0
DA:158,0
DA:159,0
DA:161,0
DA:164,0
DA:167,0
DA:168,0
DA:176,0
DA:177,0
DA:178,0
DA:180,0
DA:182,0
DA:188,0
DA:194,0
DA:204,0
DA:205,0
DA:208,0
DA:209,0
DA:211,0
DA:217,0
DA:218,0
DA:220,0
DA:221,0
DA:223,0
DA:225,0
DA:231,0
DA:237,0
DA:245,0
DA:246,0
DA:247,0
DA:255,0
DA:256,0
DA:257,0
DA:264,0
DA:265,0
DA:267,0
DA:268,0
DA:269,0
DA:278,0
DA:279,0
DA:281,0
DA:283,0
DA:284,0
DA:293,0
DA:294,0
DA:296,0
DA:301,0
DA:303,0
DA:311,0
DA:312,0
DA:313,0
DA:315,0
DA:316,0
DA:323,0
DA:325,0
DA:340,1
DA:341,1
DA:342,1
DA:343,1
DA:344,2
DA:345,1
LF:105
LH:29
end_of_record
SF:lib\pages\product_list_page.dart
DA:48,6
DA:56,2
DA:57,2
DA:68,8
DA:78,2
DA:80,2
DA:83,9
DA:84,1
DA:85,2
DA:87,1
DA:89,1
DA:90,2
DA:91,1
DA:92,1
DA:93,1
DA:95,1
DA:96,2
DA:97,2
DA:104,2
DA:107,2
DA:109,4
DA:110,4
DA:111,4
DA:112,2
DA:113,2
DA:117,8
DA:121,1
DA:122,2
DA:123,1
DA:124,1
DA:129,1
DA:130,2
DA:131,1
DA:132,1
DA:136,2
DA:139,6
DA:140,2
DA:143,2
DA:145,2
DA:146,2
DA:153,2
DA:158,2
DA:159,2
DA:160,2
DA:163,2
DA:164,1
DA:167,1
DA:168,2
DA:171,0
DA:175,2
DA:182,1
DA:183,1
DA:187,1
DA:189,1
DA:190,2
DA:191,1
DA:192,2
DA:193,2
DA:195,1
DA:202,1
DA:203,1
DA:204,1
DA:206,1
DA:211,1
DA:213,1
DA:214,1
DA:215,2
DA:216,2
DA:223,1
DA:224,1
DA:225,1
DA:226,1
DA:237,1
DA:238,1
DA:239,1
DA:240,1
DA:241,3
DA:250,1
DA:264,1
DA:266,1
DA:268,1
DA:270,1
DA:272,1
DA:277,1
DA:283,1
DA:291,1
DA:292,1
DA:295,1
DA:297,1
DA:299,1
DA:300,3
DA:304,4
DA:305,1
DA:306,2
DA:307,3
DA:314,1
DA:315,1
DA:316,1
DA:317,4
DA:319,1
DA:328,1
DA:338,1
DA:340,1
DA:341,1
DA:342,1
DA:343,1
DA:345,1
DA:346,1
DA:358,1
DA:368,1
DA:370,1
DA:372,1
DA:373,1
DA:374,1
DA:375,1
DA:380,2
DA:381,1
DA:383,1
DA:391,1
DA:392,1
DA:396,2
DA:400,1
DA:401,1
DA:402,1
DA:403,3
DA:404,1
DA:405,2
DA:406,3
DA:407,1
DA:409,3
DA:411,1
DA:416,1
DA:417,1
DA:418,1
DA:423,1
DA:426,3
DA:433,1
DA:443,1
DA:447,3
LF:139
LH:138
end_of_record
SF:lib\pages\home_page.dart
DA:51,1
DA:61,1
DA:62,1
DA:72,4
DA:74,1
DA:76,1
DA:79,5
DA:80,1
DA:81,2
DA:83,1
DA:85,2
DA:86,2
DA:87,1
DA:88,1
DA:90,1
DA:91,2
DA:98,1
DA:101,1
DA:103,2
DA:104,2
DA:105,1
DA:109,4
DA:112,1
DA:115,3
DA:116,1
DA:120,1
DA:121,1
DA:124,1
DA:125,1
DA:126,1
DA:129,2
DA:131,1
DA:134,1
DA:135,1
DA:136,1
DA:143,1
DA:145,1
DA:146,1
DA:152,1
DA:153,1
DA:154,2
DA:156,1
DA:157,2
DA:158,3
DA:165,1
DA:166,2
DA:172,1
DA:177,1
DA:178,1
DA:179,1
DA:182,2
DA:183,2
DA:186,1
DA:187,2
DA:190,0
DA:194,1
DA:201,1
DA:202,1
DA:206,1
DA:208,1
DA:209,2
DA:210,1
DA:211,2
DA:213,1
DA:220,1
DA:222,1
DA:224,1
DA:225,1
DA:227,1
DA:232,1
DA:233,1
DA:234,3
DA:235,1
DA:239,2
DA:240,1
DA:243,1
DA:244,1
DA:245,3
DA:246,1
DA:250,1
DA:253,1
DA:255,2
DA:259,1
DA:266,1
DA:267,1
DA:268,1
DA:269,1
DA:270,3
DA:280,1
DA:288,1
DA:290,1
DA:292,1
DA:294,1
DA:295,1
DA:300,1
DA:301,1
DA:302,3
DA:303,1
DA:304,2
DA:305,2
DA:306,1
DA:308,3
DA:310,1
DA:323,1
DA:331,1
DA:333,1
DA:335,1
DA:337,1
DA:338,1
DA:343,1
DA:344,1
DA:345,3
DA:346,1
DA:347,2
DA:348,2
DA:349,1
DA:351,0
DA:353,1
DA:365,1
DA:373,1
DA:375,1
DA:377,1
DA:379,1
DA:380,1
DA:385,1
DA:386,1
DA:388,1
DA:389,1
DA:393,2
DA:401,1
DA:402,1
DA:406,2
DA:416,1
DA:417,1
DA:419,1
DA:420,1
DA:424,2
DA:426,1
DA:427,2
DA:428,2
DA:439,1
DA:440,1
DA:444,2
DA:456,1
DA:457,1
DA:459,1
DA:460,1
DA:466,1
DA:467,1
DA:469,1
DA:470,3
DA:476,1
DA:477,1
DA:479,1
DA:480,1
DA:489,1
DA:501,1
DA:503,1
DA:504,1
DA:505,1
DA:506,1
DA:508,1
DA:509,1
DA:511,1
DA:512,1
DA:520,1
DA:521,1
DA:530,1
DA:531,1
LF:169
LH:167
end_of_record
SF:lib\pages\search_page.dart
DA:40,2
DA:48,2
DA:49,2
DA:55,2
DA:57,2
DA:58,8
DA:61,2
DA:63,4
DA:64,2
DA:67,2
DA:69,2
DA:71,2
DA:72,2
DA:74,4
DA:77,2
DA:78,4
DA:89,2
DA:97,4
DA:100,4
DA:103,2
DA:104,6
DA:105,6
DA:109,1
DA:110,3
DA:111,2
DA:113,1
DA:114,3
DA:119,4
DA:122,2
DA:123,4
DA:124,4
DA:125,4
DA:132,2
DA:136,2
DA:138,2
DA:140,2
DA:141,2
DA:146,2
DA:147,4
DA:150,2
DA:151,2
DA:165,2
DA:169,2
DA:170,2
DA:174,2
DA:176,2
DA:177,6
DA:180,2
DA:182,2
DA:183,6
DA:184,2
DA:185,2
DA:186,6
DA:187,2
DA:189,2
DA:190,2
DA:192,2
DA:194,4
DA:197,3
DA:198,1
DA:201,3
DA:202,1
DA:213,2
DA:214,2
DA:215,2
DA:217,2
DA:227,1
DA:228,1
DA:230,1
DA:234,1
DA:236,1
DA:237,4
DA:245,1
DA:247,3
DA:248,1
DA:249,2
DA:250,3
DA:251,1
DA:253,3
DA:255,1
DA:264,1
DA:265,1
DA:266,1
DA:268,1
DA:271,1
DA:272,1
DA:275,1
DA:276,4
DA:285,1
DA:286,1
DA:288,1
DA:289,3
LF:92
LH:92
end_of_record
SF:lib\pages\cart_page.dart
DA:34,3
DA:41,3
DA:43,12
DA:46,1
DA:48,4
DA:51,1
DA:53,4
DA:56,3
DA:59,9
DA:60,3
DA:63,3
DA:65,3
DA:66,6
DA:67,3
DA:68,3
DA:69,3
DA:72,3
DA:73,3
DA:79,3
DA:80,3
DA:81,0
DA:84,3
DA:85,4
DA:88,2
DA:89,2
DA:90,6
DA:91,1
DA:93,2
DA:96,0
DA:100,3
DA:101,3
DA:109,2
DA:110,2
DA:114,2
DA:116,2
DA:118,2
DA:121,2
DA:127,1
DA:128,1
DA:132,1
DA:134,2
DA:140,2
DA:141,2
DA:142,2
DA:143,2
DA:144,2
DA:145,2
DA:147,2
DA:149,2
DA:155,2
DA:164,2
DA:165,4
DA:172,2
DA:173,2
DA:175,2
DA:177,2
DA:178,2
DA:180,2
DA:181,2
DA:183,2
DA:184,2
DA:186,2
DA:187,2
DA:188,2
DA:192,2
DA:193,4
DA:198,2
DA:199,2
DA:211,2
DA:212,2
DA:214,2
DA:215,2
DA:217,8
DA:219,2
DA:220,4
DA:229,2
DA:230,2
DA:231,2
DA:233,2
DA:234,2
DA:236,2
DA:238,2
DA:240,2
DA:242,2
DA:243,1
DA:252,2
DA:253,2
DA:255,2
DA:256,2
DA:257,3
DA:265,2
DA:266,1
DA:271,2
DA:272,4
DA:284,2
DA:285,2
DA:287,2
DA:289,4
DA:290,2
DA:291,1
DA:292,1
DA:293,2
DA:301,2
DA:304,2
DA:305,4
DA:313,2
DA:315,2
DA:316,1
DA:317,1
DA:318,2
DA:325,2
DA:334,2
DA:338,2
DA:348,2
DA:349,2
DA:351,2
DA:358,2
DA:359,2
DA:361,2
DA:362,2
DA:364,2
DA:365,2
DA:367,2
DA:369,2
DA:371,2
DA:372,2
DA:376,2
DA:386,2
DA:387,2
DA:388,2
DA:389,2
DA:392,2
DA:398,2
DA:399,2
DA:402,2
DA:415,1
DA:416,1
DA:419,4
DA:421,1
DA:422,1
DA:425,2
DA:427,1
DA:430,1
DA:431,1
DA:432,3
DA:440,1
DA:441,1
DA:443,1
DA:446,4
DA:447,1
DA:448,1
DA:451,2
LF:152
LH:150
end_of_record
SF:lib\pages\support_page.dart
DA:32,6
DA:34,2
DA:35,2
DA:49,2
DA:51,4
DA:52,4
DA:53,4
DA:54,2
DA:58,1
DA:59,1
DA:60,2
DA:61,2
DA:62,2
DA:65,2
DA:66,2
DA:67,2
DA:68,2
DA:71,1
DA:75,1
DA:76,1
DA:78,2
DA:79,2
DA:80,2
DA:83,1
DA:86,1
DA:90,1
DA:91,1
DA:94,2
DA:101,2
DA:103,2
DA:105,2
DA:106,2
DA:108,2
DA:112,2
DA:117,2
DA:122,2
DA:132,2
DA:133,2
DA:135,2
DA:136,2
DA:138,2
DA:139,2
DA:141,2
DA:143,2
DA:144,2
DA:145,2
DA:150,2
DA:152,2
DA:153,2
DA:158,2
DA:170,2
DA:171,2
DA:172,2
DA:177,2
DA:179,2
DA:180,2
DA:185,2
DA:197,2
DA:198,2
DA:199,2
DA:204,2
DA:206,2
DA:207,2
DA:212,2
DA:229,2
DA:230,2
DA:232,2
DA:233,2
DA:235,2
DA:236,2
DA:238,2
DA:239,2
DA:240,2
DA:241,2
DA:246,2
DA:247,2
DA:257,2
DA:270,2
DA:271,2
DA:273,2
DA:274,2
DA:276,2
DA:277,2
DA:279,2
DA:281,2
DA:282,2
DA:283,2
DA:288,2
DA:298,2
DA:300,2
DA:301,1
DA:302,1
DA:303,0
DA:304,0
DA:313,2
DA:315,0
DA:316,0
DA:321,2
DA:324,2
DA:326,2
DA:328,1
DA:329,1
DA:330,0
DA:331,0
DA:340,2
DA:342,0
DA:343,0
DA:348,2
DA:351,2
DA:353,2
DA:355,1
DA:356,1
DA:357,0
DA:358,0
DA:367,2
DA:369,0
DA:370,0
DA:375,2
DA:378,2
DA:380,2
DA:384,3
LF:121
LH:109
end_of_record
SF:lib\services\product_loading_service.dart
DA:19,1
DA:26,1
DA:28,3
DA:29,1
DA:33,1
DA:34,3
DA:35,1
DA:36,3
DA:41,3
DA:44,2
DA:46,1
DA:47,1
DA:50,1
DA:53,1
DA:54,3
DA:61,1
DA:65,1
DA:71,1
DA:72,1
DA:84,1
DA:91,1
DA:92,1
DA:99,1
DA:100,1
DA:107,4
DA:110,3
DA:113,2
DA:116,3
LF:28
LH:28
end_of_record
SF:lib\pages\login_page.dart
DA:33,1
DA:35,1
DA:36,1
DA:48,1
DA:50,1
DA:51,1
DA:54,1
DA:55,2
DA:56,0
DA:57,0
DA:58,0
DA:59,0
DA:60,0
DA:61,0
DA:63,0
DA:64,0
DA:65,0
DA:66,0
DA:67,0
DA:69,0
DA:75,0
DA:76,0
DA:77,0
DA:81,0
DA:87,0
DA:88,0
DA:89,0
DA:93,0
DA:94,0
DA:95,0
DA:96,0
DA:101,0
DA:103,0
DA:104,0
DA:106,0
DA:107,0
DA:109,0
DA:110,0
DA:113,0
DA:114,0
DA:115,0
DA:116,0
DA:126,0
DA:127,0
DA:131,0
DA:132,0
DA:133,0
DA:134,0
DA:139,0
DA:140,0
DA:141,0
DA:142,0
DA:146,0
DA:149,0
DA:152,0
DA:153,0
DA:154,0
DA:159,0
DA:160,0
DA:166,0
DA:167,0
DA:170,0
DA:176,0
DA:177,0
DA:180,0
DA:186,1
DA:189,2
DA:190,2
DA:191,1
DA:194,1
DA:196,2
DA:199,1
DA:200,1
DA:201,1
DA:203,1
DA:205,1
DA:210,1
DA:216,1
DA:219,1
DA:221,0
DA:225,1
DA:233,1
DA:234,1
DA:235,1
DA:242,1
DA:252,1
DA:253,1
DA:254,1
DA:256,1
DA:258,1
DA:260,1
DA:261,1
DA:263,1
DA:264,1
DA:266,1
DA:269,3
DA:270,0
DA:271,0
DA:273,0
DA:274,0
DA:284,1
DA:286,1
DA:287,1
DA:289,1
DA:290,1
DA:292,1
DA:296,3
DA:297,0
DA:298,0
DA:300,0
DA:301,0
DA:311,1
DA:312,1
DA:314,2
DA:315,1
DA:321,1
DA:326,1
DA:333,1
DA:334,1
DA:335,1
DA:337,1
DA:338,1
DA:339,1
DA:351,1
DA:354,2
DA:358,1
DA:360,0
DA:361,0
DA:366,0
DA:367,0
DA:368,0
DA:369,0
DA:373,0
DA:374,0
DA:375,0
DA:385,0
DA:386,0
DA:387,0
DA:388,0
DA:393,1
DA:394,1
DA:395,1
DA:396,1
DA:402,1
DA:405,1
DA:406,2
DA:414,0
DA:415,0
DA:416,0
DA:417,0
DA:418,0
DA:420,0
DA:424,0
DA:425,0
DA:427,0
DA:432,0
LF:156
LH:67
end_of_record
SF:lib\services\user_session.dart
DA:33,6
DA:34,4
DA:35,2
DA:46,1
DA:48,1
DA:49,1
DA:50,1
DA:51,1
DA:52,1
DA:53,1
DA:54,1
DA:55,1
DA:59,2
DA:60,0
DA:64,2
DA:65,0
DA:68,2
DA:75,1
DA:76,2
DA:77,1
DA:78,2
DA:79,2
DA:81,2
DA:87,1
DA:88,5
DA:89,2
DA:95,1
DA:96,5
DA:97,2
DA:103,1
DA:104,1
DA:110,1
DA:111,1
DA:117,1
DA:118,1
DA:124,1
DA:125,1
DA:131,1
DA:132,1
DA:138,1
DA:139,1
DA:145,2
DA:146,4
DA:152,1
DA:153,2
DA:159,1
DA:160,2
DA:161,1
DA:162,1
DA:168,1
DA:169,5
DA:170,2
DA:172,1
DA:174,1
DA:175,1
DA:176,1
DA:177,1
DA:178,1
DA:179,1
DA:182,2
DA:185,3
DA:186,1
DA:195,1
DA:196,5
DA:197,2
DA:199,2
DA:202,3
DA:203,1
DA:212,1
DA:213,2
DA:215,3
DA:216,1
DA:218,2
DA:219,2
DA:220,1
DA:222,2
DA:223,1
DA:229,1
DA:230,1
DA:231,2
DA:232,2
DA:233,1
DA:234,5
DA:235,5
DA:236,5
DA:247,1
DA:249,1
DA:250,2
LF:88
LH:86
end_of_record
SF:lib\pages\create_user_page.dart
DA:37,1
DA:39,1
DA:40,1
DA:61,1
DA:63,1
DA:64,1
DA:67,1
DA:68,2
DA:69,0
DA:70,0
DA:71,0
DA:72,0
DA:73,0
DA:74,0
DA:75,0
DA:77,0
DA:78,0
DA:79,0
DA:80,0
DA:81,0
DA:82,0
DA:89,0
DA:91,0
DA:92,0
DA:96,0
DA:97,0
DA:98,0
DA:102,0
DA:103,0
DA:104,0
DA:105,0
DA:106,0
DA:107,0
DA:111,0
DA:114,0
DA:117,0
DA:118,0
DA:119,0
DA:120,0
DA:121,0
DA:122,0
DA:123,0
DA:125,0
DA:128,0
DA:132,0
DA:135,0
DA:136,0
DA:137,0
DA:141,0
DA:144,0
DA:145,0
DA:146,0
DA:147,0
DA:151,0
DA:152,0
DA:154,0
DA:155,0
DA:156,0
DA:157,0
DA:158,0
DA:160,0
DA:161,0
DA:162,0
DA:164,0
DA:165,0
DA:166,0
DA:173,0
DA:174,0
DA:175,0
DA:176,0
DA:177,0
DA:178,0
DA:179,0
DA:183,0
DA:184,0
DA:185,0
DA:186,0
DA:187,0
DA:188,0
DA:191,1
DA:194,2
DA:195,2
DA:196,2
DA:197,2
DA:198,2
DA:199,1
DA:202,1
DA:204,2
DA:207,1
DA:208,1
DA:209,1
DA:211,1
DA:212,1
DA:213,1
DA:215,1
DA:220,1
DA:226,1
DA:238,1
DA:239,1
DA:240,1
DA:247,1
DA:257,1
DA:258,1
DA:259,1
DA:261,1
DA:263,1
DA:268,1
DA:273,1
DA:274,1
DA:276,2
DA:277,1
DA:285,1
DA:286,1
DA:289,1
DA:291,1
DA:294,1
DA:301,1
DA:304,1
DA:312,1
DA:313,1
DA:316,1
DA:318,1
DA:321,1
DA:329,1
DA:332,1
DA:339,1
DA:342,1
DA:351,1
DA:359,1
DA:361,1
DA:362,1
DA:364,1
DA:367,1
DA:372,2
DA:373,0
DA:375,0
DA:376,0
LF:137
LH:63
end_of_record
