SF:lib\helpers\form_validation_helper.dart
DA:15,1
DA:16,1
DA:19,2
DA:28,1
DA:29,1
DA:32,2
DA:41,1
DA:42,1
DA:46,1
DA:47,1
DA:56,1
DA:57,1
DA:60,2
DA:69,1
DA:70,1
DA:73,2
DA:82,1
DA:89,1
DA:90,1
DA:91,1
DA:92,1
DA:93,1
LF:22
LH:22
end_of_record
SF:lib\helpers\cart_calculation_helper.dart
DA:19,1
DA:20,3
DA:24,2
DA:26,3
DA:33,1
DA:34,3
DA:38,2
DA:40,1
DA:41,2
DA:42,3
DA:50,1
DA:51,2
DA:52,2
DA:58,1
DA:59,3
DA:65,1
DA:66,1
DA:67,1
DA:68,1
DA:69,1
DA:70,2
DA:84,2
DA:92,4
DA:95,5
LF:24
LH:24
end_of_record
SF:lib\helpers\price_formatter.dart
DA:21,1
DA:22,2
DA:28,1
DA:29,1
DA:30,3
DA:32,1
DA:38,1
DA:39,1
DA:40,1
DA:42,3
DA:48,1
DA:49,1
DA:55,0
DA:56,0
LF:14
LH:12
end_of_record
SF:lib\helpers\product_classifier.dart
DA:22,1
DA:24,3
DA:25,1
DA:31,1
DA:33,3
DA:34,1
DA:40,1
DA:41,1
DA:42,1
DA:44,2
DA:45,1
DA:46,1
DA:48,1
DA:49,1
DA:53,1
DA:62,1
DA:63,2
DA:64,1
DA:70,1
DA:71,2
DA:77,1
DA:78,1
DA:80,1
DA:81,1
DA:82,2
DA:83,2
DA:84,1
DA:85,6
DA:86,6
DA:93,1
DA:95,4
DA:96,1
DA:102,1
DA:104,4
DA:105,1
DA:116,1
DA:122,3
DA:125,3
DA:128,1
DA:130,2
DA:131,2
DA:133,2
DA:134,2
DA:136,1
DA:151,2
DA:161,1
DA:162,5
DA:163,3
DA:164,1
LF:49
LH:49
end_of_record
SF:lib\helpers\support_form_validation_helper.dart
DA:16,1
DA:17,2
DA:20,3
DA:29,1
DA:30,2
DA:34,1
DA:35,2
DA:44,1
DA:45,2
DA:48,3
DA:57,1
DA:62,1
DA:63,1
DA:64,1
DA:65,1
DA:72,1
DA:77,1
DA:78,1
DA:79,1
DA:91,2
DA:98,4
DA:101,2
LF:22
LH:22
end_of_record
SF:lib\helpers\product_filter_helper.dart
DA:19,1
DA:24,1
DA:28,4
DA:29,1
DA:35,1
DA:39,1
DA:40,1
DA:43,2
DA:45,2
DA:46,3
DA:47,3
DA:49,1
DA:55,1
DA:60,1
DA:62,1
DA:63,1
DA:72,1
DA:78,1
DA:79,2
DA:82,1
DA:83,1
DA:87,2
DA:90,1
LF:23
LH:23
end_of_record
SF:lib\extensions\category_extensions.dart
DA:18,1
DA:20,1
DA:22,1
DA:24,1
DA:26,1
DA:34,0
DA:36,0
DA:38,0
DA:40,0
DA:42,0
DA:50,0
DA:52,0
DA:54,0
DA:56,0
DA:58,0
LF:15
LH:5
end_of_record
SF:lib\helpers\user_creation_helper.dart
DA:23,1
DA:30,1
DA:32,1
DA:33,1
DA:34,1
DA:35,1
DA:48,1
DA:55,1
DA:57,1
DA:58,1
DA:59,1
DA:60,1
DA:61,1
DA:62,1
DA:72,1
DA:73,1
DA:79,1
DA:86,2
DA:87,2
DA:88,2
DA:89,2
DA:90,2
LF:22
LH:22
end_of_record
SF:lib\helpers\user_message_helper.dart
DA:15,1
DA:20,1
DA:25,1
DA:30,1
DA:31,1
DA:34,1
DA:35,1
DA:36,1
DA:37,1
DA:40,1
DA:41,4
DA:42,4
DA:43,4
DA:45,1
DA:49,1
DA:54,1
DA:55,1
DA:59,1
LF:18
LH:18
end_of_record
SF:lib\services\product_loading_service.dart
DA:19,0
DA:21,0
DA:24,0
DA:25,0
DA:26,0
DA:27,0
DA:28,0
DA:33,0
DA:36,0
DA:38,0
DA:41,0
DA:48,0
DA:49,0
DA:55,1
DA:56,1
DA:68,1
DA:75,1
DA:76,1
DA:83,1
DA:84,1
DA:91,4
DA:94,3
DA:97,2
DA:100,3
LF:24
LH:11
end_of_record
SF:lib\services\user_session.dart
DA:33,3
DA:34,2
DA:35,1
DA:46,1
DA:48,1
DA:49,1
DA:50,1
DA:51,1
DA:52,1
DA:53,1
DA:54,1
DA:55,1
DA:59,2
DA:60,0
DA:64,2
DA:65,0
DA:68,2
DA:75,1
DA:76,2
DA:77,1
DA:78,2
DA:79,2
DA:81,2
DA:87,1
DA:88,5
DA:89,2
DA:95,1
DA:96,5
DA:97,2
DA:103,1
DA:104,1
DA:110,1
DA:111,1
DA:117,1
DA:118,1
DA:124,1
DA:125,1
DA:131,1
DA:132,1
DA:138,1
DA:139,1
DA:145,1
DA:146,2
DA:152,1
DA:153,2
DA:159,1
DA:160,2
DA:161,1
DA:162,1
DA:168,1
DA:169,5
DA:170,2
DA:172,1
DA:174,1
DA:175,1
DA:176,1
DA:177,1
DA:178,1
DA:179,1
DA:182,2
DA:185,3
DA:186,1
DA:195,1
DA:196,5
DA:197,2
DA:199,2
DA:202,3
DA:203,1
DA:212,1
DA:213,2
DA:215,3
DA:216,1
DA:218,2
DA:219,2
DA:220,1
DA:222,2
DA:223,1
DA:229,1
DA:230,1
DA:231,2
DA:232,2
DA:233,1
DA:234,5
DA:235,5
DA:236,5
DA:247,1
DA:249,1
DA:250,2
LF:88
LH:86
end_of_record
